{"name":"test004","id":"in.reqres.reqresinfo.ReqresCURDTestWithSteps:test004","testCaseName":"in.reqres.reqresinfo.ReqresCURDTestWithSteps","testSteps":[{"number":1,"description":"Deleting user information with userID: 0","duration":176,"startTime":"2022-06-06T23:32:44.831+01:00[Europe/London]","result":"SUCCESS","precondition":false,"children":[{"number":2,"description":"DELETE https://reqres.in/api/users/0\r\r","duration":0,"startTime":"2022-06-06T23:32:45.007+01:00[Europe/London]","result":"SUCCESS","restQuery":{"method":"DELETE","path":"https://reqres.in/api/users/0\r\r","content":"\r","contentType":"null","requestHeaders":"Accept\u003d*/*\r\r","requestCookies":"\r\r","responseHeaders":"Date: Mon, 06 Jun 2022 22:32:45 GMT\nContent-Length: 0\nConnection: keep-alive\nX-Powered-By: Express\nAccess-Control-Allow-Origin: *\nEtag: W/\"2-vyGp6PvFo4RvsFtPoIWeCReyIC8\"\nVia: 1.1 vegur\nCF-Cache-Status: DYNAMIC\nExpect-CT: max-age\u003d604800, report-uri\u003d\"https://report-uri.cloudflare.com/cdn-cgi/beacon/expect-ct\"\nReport-To: {\"endpoints\":[{\"url\":\"https:\\/\\/a.nel.cloudflare.com\\/report\\/v3?s\u003d%2FTcZEahdR2ZRW3ddbllH%2FPS39UN%2FaY%2Fps%2BK8%2B%2BJ%2BMlLycCldYLRb8E6YzhG1GGdpTzpVBsXD1rJ9F7RFQfYaCFdlx%2BdFvyAO%2BuL0%2FPikVabEC%2BzJfW1FNwzCDns%3D\"}],\"group\":\"cf-nel\",\"max_age\":604800}\nNEL: {\"success_fraction\":0,\"report_to\":\"cf-nel\",\"max_age\":604800}\nServer: cloudflare\nCF-RAY: 71749b110c03067e-LHR\nalt-svc: h3\u003d\":443\"; ma\u003d86400, h3-29\u003d\":443\"; ma\u003d86400\r","responseCookies":"\r","statusCode":204},"precondition":false}]}],"userStory":{"id":"in.reqres.reqresinfo.ReqresCURDTestWithSteps","storyName":"Reqres CURD test with steps","storyClassName":"in.reqres.reqresinfo.ReqresCURDTestWithSteps","path":"in.reqres.reqresinfo","type":"story"},"featureTag":{"name":"Reqresinfo/Reqres CURD test with steps","type":"story"},"title":"Delete the product and verify if the student is deleted!","tags":[{"name":"Reqresinfo/Reqres CURD test with steps","type":"story"}],"startTime":"2022-06-06T23:32:44.829+01:00[Europe/London]","duration":203,"testFailureCause":{"errorType":"java.lang.AssertionError","message":"1 expectation failed.\nExpected status code \u003c200\u003e but was \u003c204\u003e.\n","stackTrace":[{"declaringClass":"io.restassured.internal.ResponseSpecificationImpl","methodName":"validateResponseIfRequired","fileName":"ResponseSpecificationImpl.groovy","lineNumber":636},{"declaringClass":"io.restassured.internal.ResponseSpecificationImpl","methodName":"statusCode","fileName":"ResponseSpecificationImpl.groovy","lineNumber":122},{"declaringClass":"io.restassured.internal.ResponseSpecificationImpl","methodName":"statusCode","fileName":"ResponseSpecificationImpl.groovy","lineNumber":130},{"declaringClass":"io.restassured.internal.ValidatableResponseOptionsImpl","methodName":"statusCode","fileName":"ValidatableResponseOptionsImpl.java","lineNumber":117},{"declaringClass":"in.reqres.reqresinfo.ReqresCURDTestWithSteps","methodName":"test004","fileName":"ReqresCURDTestWithSteps.java","lineNumber":72}]},"testFailureClassname":"java.lang.AssertionError","testFailureMessage":"1 expectation failed.\nExpected status code \u003c200\u003e but was \u003c204\u003e.\n","testFailureSummary":"FAILURE;java.lang.AssertionError;1 expectation failed.\nExpected status code \u003c200\u003e but was \u003c204\u003e.\n;ResponseSpecificationImpl.groovy","projectKey":"","annotatedResult":"FAILURE","manual":false,"testSource":"JUnit","result":"FAILURE"}