<?xml version="1.0" encoding="UTF-8"?><testsuite errors="1" failures="3" name="in.reqres.reqresinfo.ReqresCURDTestWithSteps" skipped="0" tests="4" time="12.18" timestamp="2022-06-06T23:32:32.771+01:00[Europe/London]"><testcase classname="in.reqres.reqresinfo.ReqresCURDTestWithSteps" name="This will create a new user"><error message="java.lang.String cannot be cast to java.lang.Integer" type="java.lang.ClassCastException">java.lang.String cannot be cast to java.lang.Integer</error><system-err>java.lang.String cannot be cast to java.lang.Integer&#13;
in.reqres.reqresinfo.ReqresCURDTestWithSteps.test001(ReqresCURDTestWithSteps.java:43)&#13;
</system-err></testcase><testcase classname="in.reqres.reqresinfo.ReqresCURDTestWithSteps" name="Verify if the user was added to the application"><failure message="&#10;Expected: map containing [ANYTHING-&gt;&quot;morpheus39281&quot;]&#10;     but: map was [&lt;per_page=6&gt;, &lt;total=12&gt;, &lt;data=[{color=#98B2D1, year=2000, name=cerulean, id=1, pantone_value=15-4020}, {color=#C74375, year=2001, name=fuchsia rose, id=2, pantone_value=17-2031}, {color=#BF1932, year=2002, name=true red, id=3, pantone_value=19-1664}, {color=#7BC4C4, year=2003, name=aqua sky, id=4, pantone_value=14-4811}, {color=#E2583E, year=2004, name=tigerlily, id=5, pantone_value=17-1456}, {color=#53B0AE, year=2005, name=blue turquoise, id=6, pantone_value=15-5217}]&gt;, &lt;page=1&gt;, &lt;total_pages=2&gt;, &lt;support={text=To keep ReqRes free, contributions towards server costs are appreciated!, url=https://reqres.in/#support-heading}&gt;]" type="java.lang.AssertionError">
Expected: map containing [ANYTHING-&gt;"morpheus39281"]
     but: map was [&lt;per_page=6&gt;, &lt;total=12&gt;, &lt;data=[{color=#98B2D1, year=2000, name=cerulean, id=1, pantone_value=15-4020}, {color=#C74375, year=2001, name=fuchsia rose, id=2, pantone_value=17-2031}, {color=#BF1932, year=2002, name=true red, id=3, pantone_value=19-1664}, {color=#7BC4C4, year=2003, name=aqua sky, id=4, pantone_value=14-4811}, {color=#E2583E, year=2004, name=tigerlily, id=5, pantone_value=17-1456}, {color=#53B0AE, year=2005, name=blue turquoise, id=6, pantone_value=15-5217}]&gt;, &lt;page=1&gt;, &lt;total_pages=2&gt;, &lt;support={text=To keep ReqRes free, contributions towards server costs are appreciated!, url=https://reqres.in/#support-heading}&gt;]</failure><system-err>
Expected: map containing [ANYTHING-&gt;"morpheus39281"]
     but: map was [&lt;per_page=6&gt;, &lt;total=12&gt;, &lt;data=[{color=#98B2D1, year=2000, name=cerulean, id=1, pantone_value=15-4020}, {color=#C74375, year=2001, name=fuchsia rose, id=2, pantone_value=17-2031}, {color=#BF1932, year=2002, name=true red, id=3, pantone_value=19-1664}, {color=#7BC4C4, year=2003, name=aqua sky, id=4, pantone_value=14-4811}, {color=#E2583E, year=2004, name=tigerlily, id=5, pantone_value=17-1456}, {color=#53B0AE, year=2005, name=blue turquoise, id=6, pantone_value=15-5217}]&gt;, &lt;page=1&gt;, &lt;total_pages=2&gt;, &lt;support={text=To keep ReqRes free, contributions towards server costs are appreciated!, url=https://reqres.in/#support-heading}&gt;]&#13;
in.reqres.reqresinfo.ReqresCURDTestWithSteps.test002(ReqresCURDTestWithSteps.java:51)&#13;
</system-err></testcase><testcase classname="in.reqres.reqresinfo.ReqresCURDTestWithSteps" name="Update the user information and verify the updated information"><failure message="&#10;Expected: map containing [ANYTHING-&gt;&quot;morpheus39281_updated&quot;]&#10;     but: map was [&lt;per_page=6&gt;, &lt;total=12&gt;, &lt;data=[{color=#98B2D1, year=2000, name=cerulean, id=1, pantone_value=15-4020}, {color=#C74375, year=2001, name=fuchsia rose, id=2, pantone_value=17-2031}, {color=#BF1932, year=2002, name=true red, id=3, pantone_value=19-1664}, {color=#7BC4C4, year=2003, name=aqua sky, id=4, pantone_value=14-4811}, {color=#E2583E, year=2004, name=tigerlily, id=5, pantone_value=17-1456}, {color=#53B0AE, year=2005, name=blue turquoise, id=6, pantone_value=15-5217}]&gt;, &lt;page=1&gt;, &lt;total_pages=2&gt;, &lt;support={text=To keep ReqRes free, contributions towards server costs are appreciated!, url=https://reqres.in/#support-heading}&gt;]" type="java.lang.AssertionError">
Expected: map containing [ANYTHING-&gt;"morpheus39281_updated"]
     but: map was [&lt;per_page=6&gt;, &lt;total=12&gt;, &lt;data=[{color=#98B2D1, year=2000, name=cerulean, id=1, pantone_value=15-4020}, {color=#C74375, year=2001, name=fuchsia rose, id=2, pantone_value=17-2031}, {color=#BF1932, year=2002, name=true red, id=3, pantone_value=19-1664}, {color=#7BC4C4, year=2003, name=aqua sky, id=4, pantone_value=14-4811}, {color=#E2583E, year=2004, name=tigerlily, id=5, pantone_value=17-1456}, {color=#53B0AE, year=2005, name=blue turquoise, id=6, pantone_value=15-5217}]&gt;, &lt;page=1&gt;, &lt;total_pages=2&gt;, &lt;support={text=To keep ReqRes free, contributions towards server costs are appreciated!, url=https://reqres.in/#support-heading}&gt;]</failure><system-err>
Expected: map containing [ANYTHING-&gt;"morpheus39281_updated"]
     but: map was [&lt;per_page=6&gt;, &lt;total=12&gt;, &lt;data=[{color=#98B2D1, year=2000, name=cerulean, id=1, pantone_value=15-4020}, {color=#C74375, year=2001, name=fuchsia rose, id=2, pantone_value=17-2031}, {color=#BF1932, year=2002, name=true red, id=3, pantone_value=19-1664}, {color=#7BC4C4, year=2003, name=aqua sky, id=4, pantone_value=14-4811}, {color=#E2583E, year=2004, name=tigerlily, id=5, pantone_value=17-1456}, {color=#53B0AE, year=2005, name=blue turquoise, id=6, pantone_value=15-5217}]&gt;, &lt;page=1&gt;, &lt;total_pages=2&gt;, &lt;support={text=To keep ReqRes free, contributions towards server costs are appreciated!, url=https://reqres.in/#support-heading}&gt;]&#13;
in.reqres.reqresinfo.ReqresCURDTestWithSteps.test003(ReqresCURDTestWithSteps.java:65)&#13;
</system-err></testcase><testcase classname="in.reqres.reqresinfo.ReqresCURDTestWithSteps" name="Delete the product and verify if the student is deleted!"><failure message="1 expectation failed.&#10;Expected status code &lt;200&gt; but was &lt;204&gt;.&#10;" type="java.lang.AssertionError">1 expectation failed.
Expected status code &lt;200&gt; but was &lt;204&gt;.
</failure><system-err>1 expectation failed.
Expected status code &lt;200&gt; but was &lt;204&gt;.
&#13;
io.restassured.internal.ResponseSpecificationImpl.validateResponseIfRequired(ResponseSpecificationImpl.groovy:636)&#13;
io.restassured.internal.ResponseSpecificationImpl.statusCode(ResponseSpecificationImpl.groovy:122)&#13;
io.restassured.internal.ResponseSpecificationImpl.statusCode(ResponseSpecificationImpl.groovy:130)&#13;
io.restassured.internal.ValidatableResponseOptionsImpl.statusCode(ValidatableResponseOptionsImpl.java:117)&#13;
in.reqres.reqresinfo.ReqresCURDTestWithSteps.test004(ReqresCURDTestWithSteps.java:72)&#13;
</system-err></testcase></testsuite>